[15:59:26] [Server thread/INFO]: Starting minecraft server version 1.8.7
[15:59:26] [Server thread/INFO]: Loading properties
[15:59:26] [Server thread/INFO]: Default game type: SURVIVAL
[15:59:27] [Server thread/INFO]: This server is running CraftBukkit version git-Spigot-b3c0272-7723b90 (MC: 1.8.7) (Implementing API version 1.8.7-R0.1-SNAPSHOT)
[15:59:27] [Server thread/INFO]: Debug logging is disabled
[15:59:27] [Server thread/INFO]: Server Ping Player Sample Count: 12
[15:59:27] [Server thread/INFO]: Using 4 threads for Netty based IO
[15:59:27] [Server thread/INFO]: Generating keypair
[15:59:27] [Server thread/INFO]: Starting Minecraft server on *:25565
[15:59:27] [Server thread/INFO]: Using default channel type
[15:59:27] [Server thread/INFO]: **** Beginning UUID conversion, this may take A LONG time ****
[15:59:27] [Server thread/INFO]: Preparing level "world"
[15:59:27] [Server thread/INFO]: -------- World Settings For [world] --------
[15:59:27] [Server thread/INFO]: Anti X-Ray: true
[15:59:27] [Server thread/INFO]: 	Engine Mode: 1
[15:59:27] [Server thread/INFO]: 	Hidden Blocks: [14, 15, 16, 21, 48, 49, 54, 56, 73, 74, 82, 129, 130]
[15:59:27] [Server thread/INFO]: 	Replace Blocks: [1, 5]
[15:59:27] [Server thread/INFO]: Mob Spawn Range: 4
[15:59:27] [Server thread/INFO]: Nerfing mobs spawned from spawners: false
[15:59:27] [Server thread/INFO]: Entity Activation Range: An 32 / Mo 32 / Mi 16
[15:59:27] [Server thread/INFO]: Tile Max Tick Time: 50ms Entity max Tick Time: 50ms
[15:59:27] [Server thread/INFO]: Cactus Growth Modifier: 100%
[15:59:27] [Server thread/INFO]: Cane Growth Modifier: 100%
[15:59:27] [Server thread/INFO]: Melon Growth Modifier: 100%
[15:59:27] [Server thread/INFO]: Mushroom Growth Modifier: 100%
[15:59:27] [Server thread/INFO]: Pumpkin Growth Modifier: 100%
[15:59:27] [Server thread/INFO]: Sapling Growth Modifier: 100%
[15:59:27] [Server thread/INFO]: Wheat Growth Modifier: 100%
[15:59:27] [Server thread/INFO]: NetherWart Growth Modifier: 100%
[15:59:27] [Server thread/INFO]: Structure Info Saving: true
[15:59:27] [Server thread/INFO]: Entity Tracking Range: Pl 48 / An 48 / Mo 48 / Mi 32 / Other 64
[15:59:27] [Server thread/INFO]: Sending up to 10 chunks per packet
[15:59:27] [Server thread/INFO]: Max TNT Explosions: 100
[15:59:27] [Server thread/INFO]: Hopper Transfer: 8 Hopper Check: 8 Hopper Amount: 1
[15:59:27] [Server thread/INFO]: Random Lighting Updates: false
[15:59:27] [Server thread/INFO]: Allow Zombie Pigmen to spawn from portal blocks: true
[15:59:27] [Server thread/INFO]: Item Despawn Rate: 6000
[15:59:27] [Server thread/INFO]: Item Merge Radius: 2.5
[15:59:27] [Server thread/INFO]: Arrow Despawn Rate: 1200
[15:59:27] [Server thread/INFO]: View Distance: 10
[15:59:27] [Server thread/INFO]: Max Entity Collisions: 8
[15:59:27] [Server thread/INFO]: Custom Map Seeds:  Village: 10387312 Feature: 14357617
[15:59:27] [Server thread/INFO]: Zombie Aggressive Towards Villager: true
[15:59:27] [Server thread/INFO]: Chunks to Grow per Tick: 650
[15:59:27] [Server thread/INFO]: Clear tick list: false
[15:59:27] [Server thread/INFO]: Experience Merge Radius: 3.0
[15:59:27] [Server thread/INFO]: -------- World Settings For [world_nether] --------
[15:59:27] [Server thread/INFO]: Anti X-Ray: true
[15:59:27] [Server thread/INFO]: 	Engine Mode: 1
[15:59:27] [Server thread/INFO]: 	Hidden Blocks: [14, 15, 16, 21, 48, 49, 54, 56, 73, 74, 82, 129, 130]
[15:59:27] [Server thread/INFO]: 	Replace Blocks: [1, 5]
[15:59:27] [Server thread/INFO]: Mob Spawn Range: 4
[15:59:27] [Server thread/INFO]: Nerfing mobs spawned from spawners: false
[15:59:27] [Server thread/INFO]: Entity Activation Range: An 32 / Mo 32 / Mi 16
[15:59:27] [Server thread/INFO]: Tile Max Tick Time: 50ms Entity max Tick Time: 50ms
[15:59:27] [Server thread/INFO]: Cactus Growth Modifier: 100%
[15:59:27] [Server thread/INFO]: Cane Growth Modifier: 100%
[15:59:27] [Server thread/INFO]: Melon Growth Modifier: 100%
[15:59:27] [Server thread/INFO]: Mushroom Growth Modifier: 100%
[15:59:27] [Server thread/INFO]: Pumpkin Growth Modifier: 100%
[15:59:27] [Server thread/INFO]: Sapling Growth Modifier: 100%
[15:59:27] [Server thread/INFO]: Wheat Growth Modifier: 100%
[15:59:27] [Server thread/INFO]: NetherWart Growth Modifier: 100%
[15:59:27] [Server thread/INFO]: Structure Info Saving: true
[15:59:27] [Server thread/INFO]: Entity Tracking Range: Pl 48 / An 48 / Mo 48 / Mi 32 / Other 64
[15:59:27] [Server thread/INFO]: Sending up to 10 chunks per packet
[15:59:27] [Server thread/INFO]: Max TNT Explosions: 100
[15:59:27] [Server thread/INFO]: Hopper Transfer: 8 Hopper Check: 8 Hopper Amount: 1
[15:59:27] [Server thread/INFO]: Random Lighting Updates: false
[15:59:27] [Server thread/INFO]: Allow Zombie Pigmen to spawn from portal blocks: true
[15:59:27] [Server thread/INFO]: Item Despawn Rate: 6000
[15:59:27] [Server thread/INFO]: Item Merge Radius: 2.5
[15:59:27] [Server thread/INFO]: Arrow Despawn Rate: 1200
[15:59:27] [Server thread/INFO]: View Distance: 10
[15:59:27] [Server thread/INFO]: Max Entity Collisions: 8
[15:59:27] [Server thread/INFO]: Custom Map Seeds:  Village: 10387312 Feature: 14357617
[15:59:27] [Server thread/INFO]: Zombie Aggressive Towards Villager: true
[15:59:27] [Server thread/INFO]: Chunks to Grow per Tick: 650
[15:59:27] [Server thread/INFO]: Clear tick list: false
[15:59:27] [Server thread/INFO]: Experience Merge Radius: 3.0
[15:59:27] [Server thread/INFO]: -------- World Settings For [world_the_end] --------
[15:59:27] [Server thread/INFO]: Anti X-Ray: true
[15:59:27] [Server thread/INFO]: 	Engine Mode: 1
[15:59:27] [Server thread/INFO]: 	Hidden Blocks: [14, 15, 16, 21, 48, 49, 54, 56, 73, 74, 82, 129, 130]
[15:59:27] [Server thread/INFO]: 	Replace Blocks: [1, 5]
[15:59:27] [Server thread/INFO]: Mob Spawn Range: 4
[15:59:27] [Server thread/INFO]: Nerfing mobs spawned from spawners: false
[15:59:27] [Server thread/INFO]: Entity Activation Range: An 32 / Mo 32 / Mi 16
[15:59:27] [Server thread/INFO]: Tile Max Tick Time: 50ms Entity max Tick Time: 50ms
[15:59:27] [Server thread/INFO]: Cactus Growth Modifier: 100%
[15:59:27] [Server thread/INFO]: Cane Growth Modifier: 100%
[15:59:27] [Server thread/INFO]: Melon Growth Modifier: 100%
[15:59:27] [Server thread/INFO]: Mushroom Growth Modifier: 100%
[15:59:27] [Server thread/INFO]: Pumpkin Growth Modifier: 100%
[15:59:27] [Server thread/INFO]: Sapling Growth Modifier: 100%
[15:59:27] [Server thread/INFO]: Wheat Growth Modifier: 100%
[15:59:27] [Server thread/INFO]: NetherWart Growth Modifier: 100%
[15:59:27] [Server thread/INFO]: Structure Info Saving: true
[15:59:27] [Server thread/INFO]: Entity Tracking Range: Pl 48 / An 48 / Mo 48 / Mi 32 / Other 64
[15:59:27] [Server thread/INFO]: Sending up to 10 chunks per packet
[15:59:27] [Server thread/INFO]: Max TNT Explosions: 100
[15:59:27] [Server thread/INFO]: Hopper Transfer: 8 Hopper Check: 8 Hopper Amount: 1
[15:59:27] [Server thread/INFO]: Random Lighting Updates: false
[15:59:27] [Server thread/INFO]: Allow Zombie Pigmen to spawn from portal blocks: true
[15:59:27] [Server thread/INFO]: Item Despawn Rate: 6000
[15:59:27] [Server thread/INFO]: Item Merge Radius: 2.5
[15:59:27] [Server thread/INFO]: Arrow Despawn Rate: 1200
[15:59:27] [Server thread/INFO]: View Distance: 10
[15:59:27] [Server thread/INFO]: Max Entity Collisions: 8
[15:59:27] [Server thread/INFO]: Custom Map Seeds:  Village: 10387312 Feature: 14357617
[15:59:27] [Server thread/INFO]: Zombie Aggressive Towards Villager: true
[15:59:27] [Server thread/INFO]: Chunks to Grow per Tick: 650
[15:59:27] [Server thread/INFO]: Clear tick list: false
[15:59:27] [Server thread/INFO]: Experience Merge Radius: 3.0
[15:59:27] [Server thread/INFO]: Preparing start region for level 0 (Seed: 7471467507832452639)
[15:59:28] [Server thread/INFO]: Preparing spawn area: 29%
[15:59:29] [Server thread/INFO]: Preparing spawn area: 66%
[15:59:30] [Server thread/INFO]: Preparing start region for level 1 (Seed: 7471467507832452639)
[15:59:30] [Server thread/INFO]: Preparing start region for level 2 (Seed: 7471467507832452639)
[15:59:31] [Server thread/INFO]: Server permissions file permissions.yml is empty, ignoring it
[15:59:31] [Server thread/INFO]: Done (3.405s)! For help, type "help" or "?"
