[09:45:03] [Server thread/INFO]: Starting minecraft server version 1.8.7
[09:45:03] [Server thread/INFO]: Loading properties
[09:45:03] [Server thread/INFO]: Default game type: SURVIVAL
[09:45:03] [Server thread/INFO]: This server is running CraftBukkit version git-Spigot-b3c0272-7723b90 (MC: 1.8.7) (Implementing API version 1.8.7-R0.1-SNAPSHOT)
[09:45:03] [Server thread/INFO]: Debug logging is disabled
[09:45:03] [Server thread/INFO]: Using 4 threads for Netty based IO
[09:45:03] [Server thread/INFO]: Server Ping Player Sample Count: 12
[09:45:03] [Server thread/INFO]: Generating keypair
[09:45:03] [Server thread/INFO]: Starting Minecraft server on *:25565
[09:45:03] [Server thread/INFO]: Using default channel type
[09:45:04] [Server thread/INFO]: **** Beginning UUID conversion, this may take A LONG time ****
[09:45:04] [Server thread/INFO]: Preparing level "world"
[09:45:04] [Server thread/INFO]: -------- World Settings For [world] --------
[09:45:04] [Server thread/INFO]: Custom Map Seeds:  Village: 10387312 Feature: 14357617
[09:45:04] [Server thread/INFO]: Zombie Aggressive Towards Villager: true
[09:45:04] [Server thread/INFO]: Item Merge Radius: 2.5
[09:45:04] [Server thread/INFO]: Item Despawn Rate: 6000
[09:45:04] [Server thread/INFO]: Allow Zombie Pigmen to spawn from portal blocks: true
[09:45:04] [Server thread/INFO]: Arrow Despawn Rate: 1200
[09:45:04] [Server thread/INFO]: View Distance: 10
[09:45:04] [Server thread/INFO]: Cactus Growth Modifier: 100%
[09:45:04] [Server thread/INFO]: Cane Growth Modifier: 100%
[09:45:04] [Server thread/INFO]: Melon Growth Modifier: 100%
[09:45:04] [Server thread/INFO]: Mushroom Growth Modifier: 100%
[09:45:04] [Server thread/INFO]: Pumpkin Growth Modifier: 100%
[09:45:04] [Server thread/INFO]: Sapling Growth Modifier: 100%
[09:45:04] [Server thread/INFO]: Wheat Growth Modifier: 100%
[09:45:04] [Server thread/INFO]: NetherWart Growth Modifier: 100%
[09:45:04] [Server thread/INFO]: Anti X-Ray: true
[09:45:04] [Server thread/INFO]: 	Engine Mode: 1
[09:45:04] [Server thread/INFO]: 	Hidden Blocks: [14, 15, 16, 21, 48, 49, 54, 56, 73, 74, 82, 129, 130]
[09:45:04] [Server thread/INFO]: 	Replace Blocks: [1, 5]
[09:45:04] [Server thread/INFO]: Mob Spawn Range: 4
[09:45:04] [Server thread/INFO]: Nerfing mobs spawned from spawners: false
[09:45:04] [Server thread/INFO]: Entity Tracking Range: Pl 48 / An 48 / Mo 48 / Mi 32 / Other 64
[09:45:04] [Server thread/INFO]: Entity Activation Range: An 32 / Mo 32 / Mi 16
[09:45:04] [Server thread/INFO]: Tile Max Tick Time: 50ms Entity max Tick Time: 50ms
[09:45:04] [Server thread/INFO]: Sending up to 10 chunks per packet
[09:45:04] [Server thread/INFO]: Structure Info Saving: true
[09:45:04] [Server thread/INFO]: Hopper Transfer: 8 Hopper Check: 8 Hopper Amount: 1
[09:45:04] [Server thread/INFO]: Max TNT Explosions: 100
[09:45:04] [Server thread/INFO]: Random Lighting Updates: false
[09:45:04] [Server thread/INFO]: Chunks to Grow per Tick: 650
[09:45:04] [Server thread/INFO]: Clear tick list: false
[09:45:04] [Server thread/INFO]: Experience Merge Radius: 3.0
[09:45:04] [Server thread/INFO]: Max Entity Collisions: 8
[09:45:04] [Server thread/INFO]: -------- World Settings For [world_nether] --------
[09:45:04] [Server thread/INFO]: Custom Map Seeds:  Village: 10387312 Feature: 14357617
[09:45:04] [Server thread/INFO]: Zombie Aggressive Towards Villager: true
[09:45:04] [Server thread/INFO]: Item Merge Radius: 2.5
[09:45:04] [Server thread/INFO]: Item Despawn Rate: 6000
[09:45:04] [Server thread/INFO]: Allow Zombie Pigmen to spawn from portal blocks: true
[09:45:04] [Server thread/INFO]: Arrow Despawn Rate: 1200
[09:45:04] [Server thread/INFO]: View Distance: 10
[09:45:04] [Server thread/INFO]: Cactus Growth Modifier: 100%
[09:45:04] [Server thread/INFO]: Cane Growth Modifier: 100%
[09:45:04] [Server thread/INFO]: Melon Growth Modifier: 100%
[09:45:04] [Server thread/INFO]: Mushroom Growth Modifier: 100%
[09:45:04] [Server thread/INFO]: Pumpkin Growth Modifier: 100%
[09:45:04] [Server thread/INFO]: Sapling Growth Modifier: 100%
[09:45:04] [Server thread/INFO]: Wheat Growth Modifier: 100%
[09:45:04] [Server thread/INFO]: NetherWart Growth Modifier: 100%
[09:45:04] [Server thread/INFO]: Anti X-Ray: true
[09:45:04] [Server thread/INFO]: 	Engine Mode: 1
[09:45:04] [Server thread/INFO]: 	Hidden Blocks: [14, 15, 16, 21, 48, 49, 54, 56, 73, 74, 82, 129, 130]
[09:45:04] [Server thread/INFO]: 	Replace Blocks: [1, 5]
[09:45:04] [Server thread/INFO]: Mob Spawn Range: 4
[09:45:04] [Server thread/INFO]: Nerfing mobs spawned from spawners: false
[09:45:04] [Server thread/INFO]: Entity Tracking Range: Pl 48 / An 48 / Mo 48 / Mi 32 / Other 64
[09:45:04] [Server thread/INFO]: Entity Activation Range: An 32 / Mo 32 / Mi 16
[09:45:04] [Server thread/INFO]: Tile Max Tick Time: 50ms Entity max Tick Time: 50ms
[09:45:04] [Server thread/INFO]: Sending up to 10 chunks per packet
[09:45:04] [Server thread/INFO]: Structure Info Saving: true
[09:45:04] [Server thread/INFO]: Hopper Transfer: 8 Hopper Check: 8 Hopper Amount: 1
[09:45:04] [Server thread/INFO]: Max TNT Explosions: 100
[09:45:04] [Server thread/INFO]: Random Lighting Updates: false
[09:45:04] [Server thread/INFO]: Chunks to Grow per Tick: 650
[09:45:04] [Server thread/INFO]: Clear tick list: false
[09:45:04] [Server thread/INFO]: Experience Merge Radius: 3.0
[09:45:04] [Server thread/INFO]: Max Entity Collisions: 8
[09:45:04] [Server thread/INFO]: -------- World Settings For [world_the_end] --------
[09:45:04] [Server thread/INFO]: Custom Map Seeds:  Village: 10387312 Feature: 14357617
[09:45:04] [Server thread/INFO]: Zombie Aggressive Towards Villager: true
[09:45:04] [Server thread/INFO]: Item Merge Radius: 2.5
[09:45:04] [Server thread/INFO]: Item Despawn Rate: 6000
[09:45:04] [Server thread/INFO]: Allow Zombie Pigmen to spawn from portal blocks: true
[09:45:04] [Server thread/INFO]: Arrow Despawn Rate: 1200
[09:45:04] [Server thread/INFO]: View Distance: 10
[09:45:04] [Server thread/INFO]: Cactus Growth Modifier: 100%
[09:45:04] [Server thread/INFO]: Cane Growth Modifier: 100%
[09:45:04] [Server thread/INFO]: Melon Growth Modifier: 100%
[09:45:04] [Server thread/INFO]: Mushroom Growth Modifier: 100%
[09:45:04] [Server thread/INFO]: Pumpkin Growth Modifier: 100%
[09:45:04] [Server thread/INFO]: Sapling Growth Modifier: 100%
[09:45:04] [Server thread/INFO]: Wheat Growth Modifier: 100%
[09:45:04] [Server thread/INFO]: NetherWart Growth Modifier: 100%
[09:45:04] [Server thread/INFO]: Anti X-Ray: true
[09:45:04] [Server thread/INFO]: 	Engine Mode: 1
[09:45:04] [Server thread/INFO]: 	Hidden Blocks: [14, 15, 16, 21, 48, 49, 54, 56, 73, 74, 82, 129, 130]
[09:45:04] [Server thread/INFO]: 	Replace Blocks: [1, 5]
[09:45:04] [Server thread/INFO]: Mob Spawn Range: 4
[09:45:04] [Server thread/INFO]: Nerfing mobs spawned from spawners: false
[09:45:04] [Server thread/INFO]: Entity Tracking Range: Pl 48 / An 48 / Mo 48 / Mi 32 / Other 64
[09:45:04] [Server thread/INFO]: Entity Activation Range: An 32 / Mo 32 / Mi 16
[09:45:04] [Server thread/INFO]: Tile Max Tick Time: 50ms Entity max Tick Time: 50ms
[09:45:04] [Server thread/INFO]: Sending up to 10 chunks per packet
[09:45:04] [Server thread/INFO]: Structure Info Saving: true
[09:45:04] [Server thread/INFO]: Hopper Transfer: 8 Hopper Check: 8 Hopper Amount: 1
[09:45:04] [Server thread/INFO]: Max TNT Explosions: 100
[09:45:04] [Server thread/INFO]: Random Lighting Updates: false
[09:45:04] [Server thread/INFO]: Chunks to Grow per Tick: 650
[09:45:04] [Server thread/INFO]: Clear tick list: false
[09:45:04] [Server thread/INFO]: Experience Merge Radius: 3.0
[09:45:04] [Server thread/INFO]: Max Entity Collisions: 8
[09:45:04] [Server thread/INFO]: Preparing start region for level 0 (Seed: 7471467507832452639)
[09:45:05] [Server thread/INFO]: Preparing spawn area: 53%
[09:45:05] [Server thread/INFO]: Preparing start region for level 1 (Seed: 7471467507832452639)
[09:45:06] [Server thread/INFO]: Preparing start region for level 2 (Seed: 7471467507832452639)
[09:45:06] [Server thread/INFO]: Server permissions file permissions.yml is empty, ignoring it
[09:45:06] [Server thread/INFO]: Done (2.355s)! For help, type "help" or "?"
[09:45:14] [Server thread/INFO]: Starting minecraft server version 1.8.7
[09:45:14] [Server console handler/ERROR]: Exception handling console input
java.io.IOException: The handle is invalid
	at java.base/java.io.FileInputStream.readBytes(Native Method) ~[?:?]
	at java.base/java.io.FileInputStream.read(FileInputStream.java:272) ~[?:?]
	at java.base/java.io.BufferedInputStream.fill(BufferedInputStream.java:244) ~[?:?]
	at java.base/java.io.BufferedInputStream.read(BufferedInputStream.java:263) ~[?:?]
	at org.bukkit.craftbukkit.libs.jline.internal.NonBlockingInputStream.read(NonBlockingInputStream.java:248) ~[spigotserver.jar:git-Spigot-b3c0272-7723b90]
	at org.bukkit.craftbukkit.libs.jline.internal.InputStreamReader.read(InputStreamReader.java:261) ~[spigotserver.jar:git-Spigot-b3c0272-7723b90]
	at org.bukkit.craftbukkit.libs.jline.internal.InputStreamReader.read(InputStreamReader.java:198) ~[spigotserver.jar:git-Spigot-b3c0272-7723b90]
	at org.bukkit.craftbukkit.libs.jline.console.ConsoleReader.readCharacter(ConsoleReader.java:2145) ~[spigotserver.jar:git-Spigot-b3c0272-7723b90]
	at org.bukkit.craftbukkit.libs.jline.console.ConsoleReader.readLineSimple(ConsoleReader.java:3183) ~[spigotserver.jar:git-Spigot-b3c0272-7723b90]
	at org.bukkit.craftbukkit.libs.jline.console.ConsoleReader.readLine(ConsoleReader.java:2333) ~[spigotserver.jar:git-Spigot-b3c0272-7723b90]
	at org.bukkit.craftbukkit.libs.jline.console.ConsoleReader.readLine(ConsoleReader.java:2269) ~[spigotserver.jar:git-Spigot-b3c0272-7723b90]
	at org.bukkit.craftbukkit.libs.jline.console.ConsoleReader.readLine(ConsoleReader.java:2257) ~[spigotserver.jar:git-Spigot-b3c0272-7723b90]
	at net.minecraft.server.v1_8_R3.DedicatedServer$2.run(DedicatedServer.java:81) [spigotserver.jar:git-Spigot-b3c0272-7723b90]
[09:45:14] [Server thread/INFO]: Loading properties
[09:45:14] [Server thread/INFO]: Default game type: SURVIVAL
[09:45:14] [Server thread/INFO]: This server is running CraftBukkit version git-Spigot-b3c0272-7723b90 (MC: 1.8.7) (Implementing API version 1.8.7-R0.1-SNAPSHOT)
[09:45:14] [Server thread/INFO]: Debug logging is disabled
[09:45:14] [Server thread/INFO]: Server Ping Player Sample Count: 12

[09:45:14] [Server thread/INFO]: Using 4 threads for Netty based IO
[09:45:14] [Server thread/INFO]: Generating keypair
[09:45:14] [Server thread/INFO]: Starting Minecraft server on *:25565
[09:45:14] [Server thread/INFO]: Using default channel type
[09:45:14] [Server thread/INFO]: Your platform does not provide complete low-level API for accessing direct buffers reliably. Unless explicitly requested, heap buffer will always be preferred to avoid potential system unstability.
[09:45:14] [Server thread/WARN]: **** FAILED TO BIND TO PORT!
[09:45:14] [Server thread/WARN]: The exception was: java.net.BindException: Address already in use: bind
[09:45:14] [Server thread/WARN]: Perhaps a server is already running on that port?
[09:45:14] [Server thread/INFO]: Stopping server
[09:45:14] [Server thread/INFO]: Saving players
